<?xml version="1.0" encoding="UTF-8"?>
<!-- Generated by org.testng.reporters.JUnitReportReporter -->
<testsuite hostname="Prakriti-Sharma.local" failures="0" tests="1" name="com.qa.testcases.Test003" time="23.779" errors="0" timestamp="2022-08-09T22:51:49 IST" skipped="0">
  <testcase classname="com.qa.testcases.Test003" name="method3" time="23.779"/>
  <system-out/>
</testsuite> <!-- com.qa.testcases.Test003 -->
